<?xml version="1.0" encoding="UTF-8"?>
<!-- Generated by org.testng.reporters.JUnitReportReporter -->
<testsuite hostname="DESKTOP-3DPRU8F" failures="0" tests="4" name="MyClass" time="62.029" errors="0" timestamp="2023-12-16T23:17:27 PST" skipped="3">
  <testcase classname="MyClass" name="Checkout" time="62.029"/>
  <system-out/>
  <testcase classname="MyClass" name="AddAllItems">
    <skipped/>
  </testcase> <!-- AddAllItems -->
  <system-out/>
  <testcase classname="MyClass" name="AddThreeItems">
    <skipped/>
  </testcase> <!-- AddThreeItems -->
  <system-out/>
  <testcase classname="MyClass" name="Login">
    <skipped/>
  </testcase> <!-- Login -->
  <system-out/>
</testsuite> <!-- MyClass -->
