<?xml version="1.0" encoding="UTF-8"?>
<!-- Generated by org.testng.reporters.JUnitReportReporter -->
<testsuite hostname="DESKTOP-3DPRU8F" failures="0" tests="1" name="MyClass" time="201.880" errors="0" timestamp="2023-12-15T22:03:41 PST" skipped="0">
  <testcase classname="MyClass" name="myTest" time="201.880"/>
  <system-out/>
</testsuite> <!-- MyClass -->
